Library/Bee/Android/Prj/IL2CPP/Gradle/launcher/build/intermediates/manifest_merge_blame_file/release/manifest-merger-blame-release-report.txt
1<?xml version="1.0" encoding="utf-8"?>
2<manifest xmlns:android="http://schemas.android.com/apk/res/android"
3    package="com.UnityTechnologies.com.unity.template.urpblank"
4    android:installLocation="preferExternal"
5    android:versionCode="1"
6    android:versionName="0.1.0" >
7
8    <uses-sdk
9        android:minSdkVersion="29"
9-->src\main\AndroidManifest.xml
10        android:targetSdkVersion="32" />
10-->src\main\AndroidManifest.xml
11
12    <supports-screens
12-->src\main\AndroidManifest.xml:4:3-163
13        android:anyDensity="true"
13-->src\main\AndroidManifest.xml:4:135-160
14        android:largeScreens="true"
14-->src\main\AndroidManifest.xml:4:78-105
15        android:normalScreens="true"
15-->src\main\AndroidManifest.xml:4:49-77
16        android:smallScreens="true"
16-->src\main\AndroidManifest.xml:4:21-48
17        android:xlargeScreens="true" />
17-->src\main\AndroidManifest.xml:4:106-134
18
19    <uses-permission android:name="android.permission.CAMERA" />
19-->[:unityLibrary] AndroidManifest.xml:10:5-65
19-->[:unityLibrary] AndroidManifest.xml:10:22-62
20    <uses-permission android:name="com.magicleap.permission.EYE_TRACKING" />
20-->[:unityLibrary] AndroidManifest.xml:11:5-77
20-->[:unityLibrary] AndroidManifest.xml:11:22-74
21    <uses-permission android:name="com.magicleap.permission.EYE_CAMERA" />
21-->[:unityLibrary] AndroidManifest.xml:12:5-75
21-->[:unityLibrary] AndroidManifest.xml:12:22-72
22    <uses-permission android:name="com.magicleap.permission.MARKER_TRACKING" />
22-->[:unityLibrary] AndroidManifest.xml:13:5-80
22-->[:unityLibrary] AndroidManifest.xml:13:22-77
23    <uses-permission android:name="com.magicleap.permission.SPATIAL_ANCHOR" />
23-->[:unityLibrary] AndroidManifest.xml:14:5-79
23-->[:unityLibrary] AndroidManifest.xml:14:22-76
24    <uses-permission android:name="android.permission.INTERNET" />
24-->[:unityLibrary] AndroidManifest.xml:15:5-67
24-->[:unityLibrary] AndroidManifest.xml:15:22-64
25
26    <uses-feature
26-->[:unityLibrary] AndroidManifest.xml:17:5-19:35
27        android:name="android.hardware.vulkan.version"
27-->[:unityLibrary] AndroidManifest.xml:18:9-55
28        android:required="true" />
28-->[:unityLibrary] AndroidManifest.xml:19:9-32
29    <uses-feature
29-->[:unityLibrary] AndroidManifest.xml:20:5-22:36
30        android:name="android.hardware.touchscreen"
30-->[:unityLibrary] AndroidManifest.xml:21:9-52
31        android:required="false" />
31-->[:unityLibrary] AndroidManifest.xml:22:9-33
32    <uses-feature
32-->[:unityLibrary] AndroidManifest.xml:23:5-25:36
33        android:name="android.hardware.touchscreen.multitouch"
33-->[:unityLibrary] AndroidManifest.xml:24:9-63
34        android:required="false" />
34-->[:unityLibrary] AndroidManifest.xml:25:9-33
35    <uses-feature
35-->[:unityLibrary] AndroidManifest.xml:26:5-28:36
36        android:name="android.hardware.touchscreen.multitouch.distinct"
36-->[:unityLibrary] AndroidManifest.xml:27:9-72
37        android:required="false" />
37-->[:unityLibrary] AndroidManifest.xml:28:9-33
38
39    <application
39-->src\main\AndroidManifest.xml:3:3-83
40        android:extractNativeLibs="true"
40-->[:unityLibrary] AndroidManifest.xml:30:18-50
41        android:icon="@mipmap/app_icon"
41-->src\main\AndroidManifest.xml:3:49-80
42        android:label="@string/app_name" >
42-->src\main\AndroidManifest.xml:3:16-48
43        <meta-data
43-->[:unityLibrary] AndroidManifest.xml:31:9-33:33
44            android:name="unity.splash-mode"
44-->[:unityLibrary] AndroidManifest.xml:32:13-45
45            android:value="0" />
45-->[:unityLibrary] AndroidManifest.xml:33:13-30
46        <meta-data
46-->[:unityLibrary] AndroidManifest.xml:34:9-36:36
47            android:name="unity.splash-enable"
47-->[:unityLibrary] AndroidManifest.xml:35:13-47
48            android:value="True" />
48-->[:unityLibrary] AndroidManifest.xml:36:13-33
49        <meta-data
49-->[:unityLibrary] AndroidManifest.xml:37:9-39:36
50            android:name="unity.launch-fullscreen"
50-->[:unityLibrary] AndroidManifest.xml:38:13-51
51            android:value="True" />
51-->[:unityLibrary] AndroidManifest.xml:39:13-33
52        <meta-data
52-->[:unityLibrary] AndroidManifest.xml:40:9-42:50
53            android:name="notch.config"
53-->[:unityLibrary] AndroidManifest.xml:41:13-40
54            android:value="portrait|landscape" />
54-->[:unityLibrary] AndroidManifest.xml:42:13-47
55        <meta-data
55-->[:unityLibrary] AndroidManifest.xml:43:9-45:36
56            android:name="unity.auto-report-fully-drawn"
56-->[:unityLibrary] AndroidManifest.xml:44:13-57
57            android:value="true" />
57-->[:unityLibrary] AndroidManifest.xml:45:13-33
58
59        <activity
59-->[:unityLibrary] AndroidManifest.xml:47:9-71:20
60            android:name="com.unity3d.player.UnityPlayerActivity"
60-->[:unityLibrary] AndroidManifest.xml:48:13-66
61            android:configChanges="mcc|mnc|locale|touchscreen|keyboard|keyboardHidden|navigation|orientation|screenLayout|uiMode|screenSize|smallestScreenSize|fontScale|layoutDirection|density"
61-->[:unityLibrary] AndroidManifest.xml:49:13-194
62            android:exported="true"
62-->[:unityLibrary] AndroidManifest.xml:50:13-36
63            android:hardwareAccelerated="false"
63-->[:unityLibrary] AndroidManifest.xml:51:13-48
64            android:launchMode="singleTask"
64-->[:unityLibrary] AndroidManifest.xml:52:13-44
65            android:resizeableActivity="false"
65-->[:unityLibrary] AndroidManifest.xml:53:13-47
66            android:screenOrientation="fullUser"
66-->[:unityLibrary] AndroidManifest.xml:54:13-49
67            android:theme="@style/UnityThemeSelector" >
67-->[:unityLibrary] AndroidManifest.xml:55:13-54
68            <intent-filter>
68-->[:unityLibrary] AndroidManifest.xml:56:13-60:29
69                <category android:name="android.intent.category.LAUNCHER" />
69-->[:unityLibrary] AndroidManifest.xml:57:17-77
69-->[:unityLibrary] AndroidManifest.xml:57:27-74
70
71                <action android:name="android.intent.action.MAIN" />
71-->[:unityLibrary] AndroidManifest.xml:59:17-69
71-->[:unityLibrary] AndroidManifest.xml:59:25-66
72            </intent-filter>
73
74            <meta-data
74-->[:unityLibrary] AndroidManifest.xml:62:13-64:40
75                android:name="unityplayer.UnityActivity"
75-->[:unityLibrary] AndroidManifest.xml:63:17-57
76                android:value="true" />
76-->[:unityLibrary] AndroidManifest.xml:64:17-37
77            <meta-data
77-->[:unityLibrary] AndroidManifest.xml:65:13-67:40
78                android:name="notch_support"
78-->[:unityLibrary] AndroidManifest.xml:66:17-45
79                android:value="true" />
79-->[:unityLibrary] AndroidManifest.xml:67:17-37
80            <meta-data
80-->[:unityLibrary] AndroidManifest.xml:68:13-70:40
81                android:name="com.magicleap.augmented_reality_only"
81-->[:unityLibrary] AndroidManifest.xml:69:17-68
82                android:value="true" />
82-->[:unityLibrary] AndroidManifest.xml:70:17-37
83        </activity>
84    </application>
85
86</manifest>